ePOS_SDK_Android_v2.14.0/ePOS_SDK_Sample_Android/ePOS2_Printer/app/build/intermediates/manifest_merge_blame_file/debug/manifest-merger-blame-debug-report.txt
1<?xml version="1.0" encoding="utf-8"?>
2<manifest xmlns:android="http://schemas.android.com/apk/res/android"
3    package="com.epson.epos2_printer"
4    android:versionCode="1"
5    android:versionName="1.0" >
6
7    <uses-sdk
8        android:minSdkVersion="15"
8-->src\main\AndroidManifest.xml
9        android:targetSdkVersion="27" />
9-->src\main\AndroidManifest.xml
10
11    <uses-permission android:name="android.permission.BLUETOOTH" />
11-->src\main\AndroidManifest.xml:5:5-67
11-->src\main\AndroidManifest.xml:5:22-65
12    <uses-permission android:name="android.permission.BLUETOOTH_ADMIN" />
12-->src\main\AndroidManifest.xml:6:5-73
12-->src\main\AndroidManifest.xml:6:22-71
13    <uses-permission android:name="android.permission.INTERNET" />
13-->src\main\AndroidManifest.xml:7:5-66
13-->src\main\AndroidManifest.xml:7:22-64
14    <uses-permission android:name="android.permission.WRITE_EXTERNAL_STORAGE" />
14-->src\main\AndroidManifest.xml:8:5-80
14-->src\main\AndroidManifest.xml:8:22-78
15    <uses-permission android:name="android.permission.ACCESS_COARSE_LOCATION" />
15-->src\main\AndroidManifest.xml:9:5-80
15-->src\main\AndroidManifest.xml:9:22-78
16
17    <application
17-->src\main\AndroidManifest.xml:11:5-56:19
18        android:allowBackup="true"
18-->src\main\AndroidManifest.xml:12:9-35
19        android:debuggable="true"
20        android:icon="@mipmap/ic_launcher"
20-->src\main\AndroidManifest.xml:13:9-43
21        android:label="@string/app_name"
21-->src\main\AndroidManifest.xml:14:9-41
22        android:testOnly="true"
23        android:theme="@style/AppTheme" >
23-->src\main\AndroidManifest.xml:15:9-40
24        <activity
24-->src\main\AndroidManifest.xml:16:9-18:62
25            android:name="com.epson.epos2_printer.SettingActivity"
25-->src\main\AndroidManifest.xml:17:13-44
26            android:screenOrientation="portrait" />
26-->src\main\AndroidManifest.xml:18:13-49
27        <activity
27-->src\main\AndroidManifest.xml:19:9-21:62
28            android:name="com.epson.epos2_printer.PrinterSettingActivity"
28-->src\main\AndroidManifest.xml:20:13-51
29            android:screenOrientation="portrait" />
29-->src\main\AndroidManifest.xml:21:13-49
30        <activity
30-->src\main\AndroidManifest.xml:22:9-24:62
31            android:name="com.epson.epos2_printer.FirmwareUpdateActivity"
31-->src\main\AndroidManifest.xml:23:13-51
32            android:screenOrientation="portrait" />
32-->src\main\AndroidManifest.xml:24:13-49
33        <activity
33-->src\main\AndroidManifest.xml:25:9-27:62
34            android:name="com.epson.epos2_printer.MonitorActivity"
34-->src\main\AndroidManifest.xml:26:13-44
35            android:screenOrientation="portrait" />
35-->src\main\AndroidManifest.xml:27:13-49
36        <activity
36-->src\main\AndroidManifest.xml:28:9-30:62
37            android:name="com.epson.epos2_printer.SingleMonitorActivity"
37-->src\main\AndroidManifest.xml:29:13-50
38            android:screenOrientation="portrait" />
38-->src\main\AndroidManifest.xml:30:13-49
39        <activity
39-->src\main\AndroidManifest.xml:31:9-33:62
40            android:name="com.epson.epos2_printer.MultipleMonitorActivity"
40-->src\main\AndroidManifest.xml:32:13-52
41            android:screenOrientation="portrait" />
41-->src\main\AndroidManifest.xml:33:13-49
42        <activity
42-->src\main\AndroidManifest.xml:34:9-50:20
43            android:name="com.epson.epos2_printer.MainActivity"
43-->src\main\AndroidManifest.xml:35:13-41
44            android:label="@string/app_title"
44-->src\main\AndroidManifest.xml:36:13-46
45            android:screenOrientation="portrait" >
45-->src\main\AndroidManifest.xml:37:13-49
46            <intent-filter>
46-->src\main\AndroidManifest.xml:38:13-44:29
47                <action android:name="android.hardware.usb.action.USB_DEVICE_ATTACHED" />
47-->src\main\AndroidManifest.xml:39:17-90
47-->src\main\AndroidManifest.xml:39:25-87
48                <action android:name="android.hardware.usb.action.USB_ACCESSORY_ATTACHED" />
48-->src\main\AndroidManifest.xml:40:17-93
48-->src\main\AndroidManifest.xml:40:25-90
49                <action android:name="android.intent.action.MAIN" />
49-->src\main\AndroidManifest.xml:41:17-69
49-->src\main\AndroidManifest.xml:41:25-66
50
51                <category android:name="android.intent.category.LAUNCHER" />
51-->src\main\AndroidManifest.xml:43:17-77
51-->src\main\AndroidManifest.xml:43:27-74
52            </intent-filter>
53
54            <meta-data
54-->src\main\AndroidManifest.xml:45:13-46:57
55                android:name="android.hardware.usb.action.USB_DEVICE_ATTACHED"
55-->src\main\AndroidManifest.xml:45:24-86
56                android:resource="@xml/device_filter" />
56-->src\main\AndroidManifest.xml:46:17-54
57            <meta-data
57-->src\main\AndroidManifest.xml:47:13-48:60
58                android:name="android.hardware.usb.action.USB_ACCESSORY_ATTACHED"
58-->src\main\AndroidManifest.xml:47:24-89
59                android:resource="@xml/accessory_filter" />
59-->src\main\AndroidManifest.xml:48:17-57
60        </activity>
61        <activity
61-->src\main\AndroidManifest.xml:51:9-55:20
62            android:name="com.epson.epos2_printer.DiscoveryActivity"
62-->src\main\AndroidManifest.xml:52:13-46
63            android:label="@string/app_title"
63-->src\main\AndroidManifest.xml:53:13-46
64            android:screenOrientation="portrait" >
64-->src\main\AndroidManifest.xml:54:13-49
65        </activity>
66    </application>
67
68</manifest>